Arguments: 
  C:\Program Files\nodejs\node.exe C:\Users\CrazyCatLady\AppData\Roaming\npm\node_modules\yarn\bin\yarn.js init .

PATH: 
  C:\Users\CrazyCatLady\bin;C:\Program Files\Git\mingw64\bin;C:\Program Files\Git\usr\local\bin;C:\Program Files\Git\usr\bin;C:\Program Files\Git\usr\bin;C:\Program Files\Git\mingw64\bin;C:\Program Files\Git\usr\bin;C:\Users\CrazyCatLady\bin;C:\Program Files (x86)\ActiveState Komodo Edit 11;C:\Program Files\Common Files\DATAflor\CAD\Shared\EmguCV;C:\Program Files\Common Files\DATAflor\CAD\Shared\SketchUp;C:\Program Files\Common Files\DATAflor\CAD\Shared\GDAL;C:\Program Files\Common Files\DATAflor\CAD\Shared\ImageMagick;C:\Program Files\Common Files\DATAflor\CAD\Shared;C:\Program Files (x86)\NVIDIA Corporation\PhysX\Common;C:\Program Files (x86)\Intel\iCLS Client;C:\Program Files\Intel\iCLS Client;C:\WINDOWS\system32;C:\WINDOWS;C:\WINDOWS\System32\Wbem;C:\WINDOWS\System32\WindowsPowerShell\v1.0;C:\Program Files\Intel\Intel(R) Management Engine Components\DAL;C:\Program Files\Intel\Intel(R) Management Engine Components\IPT;C:\Program Files (x86)\Intel\Intel(R) Management Engine Components\DAL;C:\Program Files (x86)\Intel\Intel(R) Management Engine Components\IPT;C:\Program Files (x86)\Intel\OpenCL SDK\2.0\bin\x86;C:\Program Files (x86)\Intel\OpenCL SDK\2.0\bin\x64;C:\Program Files\Common Files\DATAflor\SYS;C:\Program Files (x86)\Skype\Phone;C:\Program Files\nodejs;C:\Ruby24-x64\bin;C:\Users\CrazyCatLady\AppData\Local\atom\bin;C:\Users\CrazyCatLady\AppData\Local\GitHubDesktop\bin;C:\Users\CrazyCatLady\AppData\Roaming\npm;C:\Program Files\Microsoft VS Code\bin;C:\Program Files\Heroku\bin;C:\Program Files\Docker Toolbox;C:\Program Files\Git\usr\bin\vendor_perl;C:\Program Files\Git\usr\bin\core_perl

Yarn version: 
  1.5.1

Node version: 
  8.9.4

Platform: 
  win32 x64

npm manifest: 
  No manifest

yarn manifest: 
  No manifest

Lockfile: 
  No lockfile

Trace: 
  Error: Can't answer a question unless a user TTY
      at ConsoleReporter.question (C:\Users\CrazyCatLady\AppData\Roaming\npm\node_modules\yarn\lib\cli.js:92962:59)
      at Object.<anonymous> (C:\Users\CrazyCatLady\AppData\Roaming\npm\node_modules\yarn\lib\cli.js:85927:38)
      at Generator.next (<anonymous>)
      at step (C:\Users\CrazyCatLady\AppData\Roaming\npm\node_modules\yarn\lib\cli.js:98:30)
      at C:\Users\CrazyCatLady\AppData\Roaming\npm\node_modules\yarn\lib\cli.js:109:13
      at <anonymous>
      at process._tickCallback (internal/process/next_tick.js:188:7)
